0 info it worked if it ends with ok
1 verbose cli [ '/usr/local/bin/node',
1 verbose cli   '/usr/local/bin/npm',
1 verbose cli   'install',
1 verbose cli   'moongose' ]
2 info using npm@2.14.4
3 info using node@v4.1.1
4 verbose config Skipping project config: /Users/user/.npmrc. (matches userconfig)
5 verbose install initial load of /Users/user/package.json
6 verbose installManyTop reading scoped package data from /Users/user/node_modules/basic-auth/package.json
7 verbose installManyTop reading scoped package data from /Users/user/node_modules/body-parser/package.json
8 verbose installManyTop reading scoped package data from /Users/user/node_modules/bootstrap/package.json
9 verbose installManyTop reading scoped package data from /Users/user/node_modules/cookie-parser/package.json
10 verbose installManyTop reading scoped package data from /Users/user/node_modules/debug/package.json
11 verbose installManyTop reading scoped package data from /Users/user/node_modules/depd/package.json
12 verbose installManyTop reading scoped package data from /Users/user/node_modules/ejs/package.json
13 verbose installManyTop reading scoped package data from /Users/user/node_modules/es/package.json
14 verbose installManyTop reading scoped package data from /Users/user/node_modules/express/package.json
15 verbose installManyTop reading scoped package data from /Users/user/node_modules/jade/package.json
16 verbose installManyTop reading scoped package data from /Users/user/node_modules/jason/package.json
17 verbose installManyTop reading scoped package data from /Users/user/node_modules/mime/package.json
18 verbose installManyTop reading scoped package data from /Users/user/node_modules/mongodb/package.json
19 verbose installManyTop reading scoped package data from /Users/user/node_modules/mongoose/package.json
20 verbose installManyTop reading scoped package data from /Users/user/node_modules/morgan/package.json
21 verbose installManyTop reading scoped package data from /Users/user/node_modules/n/package.json
22 verbose installManyTop reading scoped package data from /Users/user/node_modules/on-finished/package.json
23 verbose installManyTop reading scoped package data from /Users/user/node_modules/on-headers/package.json
24 verbose installManyTop reading scoped package data from /Users/user/node_modules/prettyjson/package.json
25 verbose installManyTop reading scoped package data from /Users/user/node_modules/redis/package.json
26 verbose installManyTop reading scoped package data from /Users/user/node_modules/serve-favicon/package.json
27 verbose installManyTop reading scoped package data from /Users/user/node_modules/sjs/package.json
28 verbose installManyTop reading scoped package data from /Users/user/node_modules/socket.io/package.json
29 verbose installManyTop reading scoped package data from /Users/user/node_modules/underscore/package.json
30 info package.json jason@0.3.1 No README data
31 info package.json jason@0.3.1 No license field.
32 info package.json mime@1.3.4 No license field.
33 info package.json socket.io@1.3.7 No license field.
34 info package.json sjs@0.0.3 'repositories' (plural) Not supported. Please pick one as the 'repository' field
35 info package.json sjs@0.0.3 No license field.
36 verbose readDependencies loading dependencies from /Users/user/package.json
37 silly cache add args [ 'moongose', null ]
38 verbose cache add spec moongose
39 silly cache add parsed spec Result {
39 silly cache add   raw: 'moongose',
39 silly cache add   scope: null,
39 silly cache add   name: 'moongose',
39 silly cache add   rawSpec: '',
39 silly cache add   spec: '*',
39 silly cache add   type: 'range' }
40 silly addNamed moongose@*
41 verbose addNamed "*" is a valid semver range for moongose
42 silly addNameRange { name: 'moongose', range: '*', hasData: false }
43 silly mapToRegistry name moongose
44 silly mapToRegistry using default registry
45 silly mapToRegistry registry https://registry.npmjs.org/
46 silly mapToRegistry uri https://registry.npmjs.org/moongose
47 verbose addNameRange registry:https://registry.npmjs.org/moongose not in flight; fetching
48 verbose request uri https://registry.npmjs.org/moongose
49 verbose request no auth needed
50 info attempt registry request try #1 at 3:13:54 PM
51 verbose request id c868e5915f71d663
52 http request GET https://registry.npmjs.org/moongose
53 http 404 https://registry.npmjs.org/moongose
54 verbose headers { 'content-type': 'application/json',
54 verbose headers   'cache-control': 'max-age=0',
54 verbose headers   'content-length': '2',
54 verbose headers   'accept-ranges': 'bytes',
54 verbose headers   date: 'Sat, 24 Oct 2015 08:43:57 GMT',
54 verbose headers   via: '1.1 varnish',
54 verbose headers   age: '0',
54 verbose headers   connection: 'keep-alive',
54 verbose headers   'x-served-by': 'cache-hkg6822-HKG',
54 verbose headers   'x-cache': 'MISS',
54 verbose headers   'x-cache-hits': '0',
54 verbose headers   'x-timer': 'S1445676236.861342,VS0,VE247' }
55 silly get cb [ 404,
55 silly get   { 'content-type': 'application/json',
55 silly get     'cache-control': 'max-age=0',
55 silly get     'content-length': '2',
55 silly get     'accept-ranges': 'bytes',
55 silly get     date: 'Sat, 24 Oct 2015 08:43:57 GMT',
55 silly get     via: '1.1 varnish',
55 silly get     age: '0',
55 silly get     connection: 'keep-alive',
55 silly get     'x-served-by': 'cache-hkg6822-HKG',
55 silly get     'x-cache': 'MISS',
55 silly get     'x-cache-hits': '0',
55 silly get     'x-timer': 'S1445676236.861342,VS0,VE247' } ]
56 verbose stack Error: Registry returned 404 for GET on https://registry.npmjs.org/moongose
56 verbose stack     at makeError (/usr/local/lib/node_modules/npm/node_modules/npm-registry-client/lib/request.js:263:12)
56 verbose stack     at CachingRegistryClient.<anonymous> (/usr/local/lib/node_modules/npm/node_modules/npm-registry-client/lib/request.js:241:14)
56 verbose stack     at Request._callback (/usr/local/lib/node_modules/npm/node_modules/npm-registry-client/lib/request.js:171:14)
56 verbose stack     at Request.self.callback (/usr/local/lib/node_modules/npm/node_modules/request/request.js:198:22)
56 verbose stack     at emitTwo (events.js:87:13)
56 verbose stack     at Request.emit (events.js:172:7)
56 verbose stack     at Request.<anonymous> (/usr/local/lib/node_modules/npm/node_modules/request/request.js:1073:14)
56 verbose stack     at emitOne (events.js:82:20)
56 verbose stack     at Request.emit (events.js:169:7)
56 verbose stack     at IncomingMessage.<anonymous> (/usr/local/lib/node_modules/npm/node_modules/request/request.js:1019:12)
57 verbose statusCode 404
58 verbose pkgid moongose
59 verbose cwd /Users/user/Desktop/WorkProjects/expressProject
60 error Darwin 15.0.0
61 error argv "/usr/local/bin/node" "/usr/local/bin/npm" "install" "moongose"
62 error node v4.1.1
63 error npm  v2.14.4
64 error code E404
65 error 404 Registry returned 404 for GET on https://registry.npmjs.org/moongose
65 error 404
65 error 404 'moongose' is not in the npm registry.
65 error 404 You should bug the author to publish it (or use the name yourself!)
65 error 404
65 error 404 Note that you can also install from a
65 error 404 tarball, folder, http url, or git url.
66 verbose exit [ 1, true ]
